TP1/Library/Bee/Android/Prj/Mono2x/Gradle/unityLibrary/build/intermediates/manifest_merge_blame_file/release/manifest-merger-blame-release-report.txt
1<?xml version="1.0" encoding="utf-8"?>
2<manifest xmlns:android="http://schemas.android.com/apk/res/android"
3    xmlns:tools="http://schemas.android.com/tools"
4    package="com.unity3d.player"
5    android:installLocation="auto" >
6
7    <uses-sdk android:minSdkVersion="23" />
7-->src/main/AndroidManifest.xml
8
9    <uses-permission android:name="android.permission.INTERNET" />
9-->src/main/AndroidManifest.xml:3:3-65
9-->src/main/AndroidManifest.xml:3:20-62
10
11    <uses-feature android:glEsVersion="0x00030000" />
11-->src/main/AndroidManifest.xml:4:3-52
11-->src/main/AndroidManifest.xml:4:17-49
12    <uses-feature
12-->src/main/AndroidManifest.xml:5:3-91
13        android:name="android.hardware.vulkan.version"
13-->src/main/AndroidManifest.xml:5:17-63
14        android:required="false" />
14-->src/main/AndroidManifest.xml:5:64-88
15    <uses-feature
15-->src/main/AndroidManifest.xml:6:3-88
16        android:name="android.hardware.touchscreen"
16-->src/main/AndroidManifest.xml:6:17-60
17        android:required="false" />
17-->src/main/AndroidManifest.xml:6:61-85
18    <uses-feature
18-->src/main/AndroidManifest.xml:7:3-99
19        android:name="android.hardware.touchscreen.multitouch"
19-->src/main/AndroidManifest.xml:7:17-71
20        android:required="false" />
20-->src/main/AndroidManifest.xml:7:72-96
21    <uses-feature
21-->src/main/AndroidManifest.xml:8:3-108
22        android:name="android.hardware.touchscreen.multitouch.distinct"
22-->src/main/AndroidManifest.xml:8:17-80
23        android:required="false" />
23-->src/main/AndroidManifest.xml:8:81-105
24    <uses-feature
24-->src/main/AndroidManifest.xml:32:3-111
25        android:name="android.hardware.vr.headtracking"
25-->src/main/AndroidManifest.xml:32:17-64
26        android:required="true"
26-->src/main/AndroidManifest.xml:32:65-88
27        android:version="1" />
27-->src/main/AndroidManifest.xml:32:89-108
28
29    <application android:extractNativeLibs="true" >
29-->src/main/AndroidManifest.xml:9:3-31:17
29-->src/main/AndroidManifest.xml:9:16-48
30        <meta-data
30-->src/main/AndroidManifest.xml:10:5-69
31            android:name="unity.splash-mode"
31-->src/main/AndroidManifest.xml:10:16-48
32            android:value="0" />
32-->src/main/AndroidManifest.xml:10:49-66
33        <meta-data
33-->src/main/AndroidManifest.xml:11:5-74
34            android:name="unity.splash-enable"
34-->src/main/AndroidManifest.xml:11:16-50
35            android:value="True" />
35-->src/main/AndroidManifest.xml:11:51-71
36        <meta-data
36-->src/main/AndroidManifest.xml:12:5-78
37            android:name="unity.launch-fullscreen"
37-->src/main/AndroidManifest.xml:12:16-54
38            android:value="True" />
38-->src/main/AndroidManifest.xml:12:55-75
39        <meta-data
39-->src/main/AndroidManifest.xml:13:5-84
40            android:name="unity.render-outside-safearea"
40-->src/main/AndroidManifest.xml:13:16-60
41            android:value="True" />
41-->src/main/AndroidManifest.xml:13:61-81
42        <meta-data
42-->src/main/AndroidManifest.xml:14:5-81
43            android:name="notch.config"
43-->src/main/AndroidManifest.xml:14:16-43
44            android:value="portrait|landscape" />
44-->src/main/AndroidManifest.xml:14:44-78
45        <meta-data
45-->src/main/AndroidManifest.xml:15:5-84
46            android:name="unity.auto-report-fully-drawn"
46-->src/main/AndroidManifest.xml:15:16-60
47            android:value="true" />
47-->src/main/AndroidManifest.xml:15:61-81
48
49        <activity
49-->src/main/AndroidManifest.xml:16:5-25:16
50            android:name="com.unity3d.player.UnityPlayerActivity"
50-->src/main/AndroidManifest.xml:16:15-68
51            android:configChanges="keyboard|keyboardHidden|navigation|orientation|screenLayout|screenSize|uiMode"
51-->src/main/AndroidManifest.xml:16:204-305
52            android:exported="true"
52-->src/main/AndroidManifest.xml:16:377-400
53            android:hardwareAccelerated="false"
53-->src/main/AndroidManifest.xml:16:341-376
54            android:launchMode="singleTask"
54-->src/main/AndroidManifest.xml:16:172-203
55            android:resizeableActivity="false"
55-->src/main/AndroidManifest.xml:16:306-340
56            android:screenOrientation="landscape"
56-->src/main/AndroidManifest.xml:16:134-171
57            android:theme="@android:style/Theme.Black.NoTitleBar.Fullscreen" >
57-->src/main/AndroidManifest.xml:16:69-133
58            <intent-filter>
58-->src/main/AndroidManifest.xml:17:7-21:23
59                <category android:name="android.intent.category.LAUNCHER" />
59-->src/main/AndroidManifest.xml:18:9-69
59-->src/main/AndroidManifest.xml:18:19-66
60
61                <action android:name="android.intent.action.MAIN" />
61-->src/main/AndroidManifest.xml:19:9-61
61-->src/main/AndroidManifest.xml:19:17-58
62
63                <category android:name="com.oculus.intent.category.VR" />
63-->src/main/AndroidManifest.xml:20:9-66
63-->src/main/AndroidManifest.xml:20:19-63
64            </intent-filter>
65
66            <meta-data
66-->src/main/AndroidManifest.xml:22:7-82
67                android:name="unityplayer.UnityActivity"
67-->src/main/AndroidManifest.xml:22:18-58
68                android:value="true" />
68-->src/main/AndroidManifest.xml:22:59-79
69            <meta-data
69-->src/main/AndroidManifest.xml:23:7-70
70                android:name="notch_support"
70-->src/main/AndroidManifest.xml:23:18-46
71                android:value="true" />
71-->src/main/AndroidManifest.xml:23:47-67
72            <meta-data
72-->src/main/AndroidManifest.xml:24:7-81
73                android:name="com.oculus.vr.focusaware"
73-->src/main/AndroidManifest.xml:24:18-57
74                android:value="true" />
74-->src/main/AndroidManifest.xml:24:58-78
75        </activity>
76
77        <meta-data
77-->src/main/AndroidManifest.xml:26:5-97
78            android:name="com.samsung.android.vr.application.mode"
78-->src/main/AndroidManifest.xml:26:16-70
79            android:value="vr_only" />
79-->src/main/AndroidManifest.xml:26:71-94
80        <meta-data
80-->src/main/AndroidManifest.xml:27:5-91
81            android:name="com.unity.xr.oculus.LowOverheadMode"
81-->src/main/AndroidManifest.xml:27:16-66
82            android:value="false" />
82-->src/main/AndroidManifest.xml:27:67-88
83        <meta-data
83-->src/main/AndroidManifest.xml:28:5-88
84            android:name="com.unity.xr.oculus.LateLatching"
84-->src/main/AndroidManifest.xml:28:16-63
85            android:value="false" />
85-->src/main/AndroidManifest.xml:28:64-85
86        <meta-data
86-->src/main/AndroidManifest.xml:29:5-93
87            android:name="com.unity.xr.oculus.LateLatchingDebug"
87-->src/main/AndroidManifest.xml:29:16-68
88            android:value="false" />
88-->src/main/AndroidManifest.xml:29:69-90
89        <meta-data
89-->src/main/AndroidManifest.xml:30:5-84
90            android:name="com.oculus.supportedDevices"
90-->src/main/AndroidManifest.xml:30:16-58
91            android:value="quest2" />
91-->src/main/AndroidManifest.xml:30:59-81
92    </application>
93
94</manifest>